<?xml version="1.0" encoding="UTF-8"?><testsuite errors="1" failures="0" name="Academy Choucair" skipped="0" tests="1" time="0.33" timestamp="2022-02-21 11:44:55"><testcase name="Search for a automation course"><error type="java.lang.NullPointerException"/><system-err>null&#13;
stepdefinitions.PruebaStepDefintions.thanBrandonWantsToLearnAutomationAtTheAcademyChoucair(PruebaStepDefintions.java:19)&#13;
✽.than brandon wants to learn automation at the academy Choucair(src/test/resources/features/prueba.feature:7)&#13;
</system-err></testcase></testsuite>